c:\users\cuixf\desktop\speex\speexdsp-1.2rc3\win32\vs2008\libspeexdsp\debug\libspeexdsp.pdb
c:\users\cuixf\desktop\speex\speexdsp-1.2rc3\win32\vs2008\libspeexdsp\debug\libspeexdsp.idb
c:\users\cuixf\desktop\speex\speexdsp-1.2rc3\win32\vs2008\libspeexdsp\debug\buffer.obj
c:\users\cuixf\desktop\speex\speexdsp-1.2rc3\win32\vs2008\libspeexdsp\debug\fftwrap.obj
c:\users\cuixf\desktop\speex\speexdsp-1.2rc3\win32\vs2008\libspeexdsp\debug\filterbank.obj
c:\users\cuixf\desktop\speex\speexdsp-1.2rc3\win32\vs2008\libspeexdsp\debug\jitter.obj
c:\users\cuixf\desktop\speex\speexdsp-1.2rc3\win32\vs2008\libspeexdsp\debug\kiss_fft.obj
c:\users\cuixf\desktop\speex\speexdsp-1.2rc3\win32\vs2008\libspeexdsp\debug\kiss_fftr.obj
c:\users\cuixf\desktop\speex\speexdsp-1.2rc3\win32\vs2008\libspeexdsp\debug\mdf.obj
c:\users\cuixf\desktop\speex\speexdsp-1.2rc3\win32\vs2008\libspeexdsp\debug\preprocess.obj
c:\users\cuixf\desktop\speex\speexdsp-1.2rc3\win32\vs2008\libspeexdsp\debug\resample.obj
c:\users\cuixf\desktop\speex\speexdsp-1.2rc3\win32\vs2008\libspeexdsp\debug\scal.obj
c:\users\cuixf\desktop\speex\speexdsp-1.2rc3\win32\vs2008\libspeexdsp\debug\smallft.obj
c:\users\cuixf\desktop\speex\speexdsp-1.2rc3\lib\libspeexdsp.lib
c:\users\cui-xf\desktop\test\audionoisereduction\speexdsp-1.2rc3\win32\vs2008\libspeexdsp\debug\buffer.obj
c:\users\cui-xf\desktop\test\audionoisereduction\speexdsp-1.2rc3\win32\vs2008\libspeexdsp\debug\fftwrap.obj
c:\users\cui-xf\desktop\test\audionoisereduction\speexdsp-1.2rc3\win32\vs2008\libspeexdsp\debug\filterbank.obj
c:\users\cui-xf\desktop\test\audionoisereduction\speexdsp-1.2rc3\win32\vs2008\libspeexdsp\debug\jitter.obj
c:\users\cui-xf\desktop\test\audionoisereduction\speexdsp-1.2rc3\win32\vs2008\libspeexdsp\debug\kiss_fft.obj
c:\users\cui-xf\desktop\test\audionoisereduction\speexdsp-1.2rc3\win32\vs2008\libspeexdsp\debug\kiss_fftr.obj
c:\users\cui-xf\desktop\test\audionoisereduction\speexdsp-1.2rc3\win32\vs2008\libspeexdsp\debug\mdf.obj
c:\users\cui-xf\desktop\test\audionoisereduction\speexdsp-1.2rc3\win32\vs2008\libspeexdsp\debug\preprocess.obj
c:\users\cui-xf\desktop\test\audionoisereduction\speexdsp-1.2rc3\win32\vs2008\libspeexdsp\debug\resample.obj
c:\users\cui-xf\desktop\test\audionoisereduction\speexdsp-1.2rc3\win32\vs2008\libspeexdsp\debug\scal.obj
c:\users\cui-xf\desktop\test\audionoisereduction\speexdsp-1.2rc3\win32\vs2008\libspeexdsp\debug\smallft.obj
c:\users\cui-xf\desktop\test\audionoisereduction\speexdsp-1.2rc3\win32\vs2008\libspeexdsp\debug\libspeexdsp.idb
c:\users\cui-xf\desktop\test\audionoisereduction\speexdsp-1.2rc3\win32\vs2008\libspeexdsp\debug\libspeexdsp.pdb
c:\users\cui-xf\desktop\test\audionoisereduction\speexdsp-1.2rc3\win32\vs2008\libspeexdsp\debug\libspeexdsp.tlog\cl.command.1.tlog
c:\users\cui-xf\desktop\test\audionoisereduction\speexdsp-1.2rc3\win32\vs2008\libspeexdsp\debug\libspeexdsp.tlog\cl.read.1.tlog
c:\users\cui-xf\desktop\test\audionoisereduction\speexdsp-1.2rc3\win32\vs2008\libspeexdsp\debug\libspeexdsp.tlog\cl.write.1.tlog
c:\users\cui-xf\desktop\test\audionoisereduction\speexdsp-1.2rc3\win32\vs2008\libspeexdsp\debug\libspeexdsp.tlog\lib-link.read.1.tlog
c:\users\cui-xf\desktop\test\audionoisereduction\speexdsp-1.2rc3\win32\vs2008\libspeexdsp\debug\libspeexdsp.tlog\lib-link.write.1.tlog
c:\users\cui-xf\desktop\test\audionoisereduction\speexdsp-1.2rc3\win32\vs2008\libspeexdsp\debug\libspeexdsp.tlog\lib.command.1.tlog
